[debug] [2021-03-24T15:23:34.202Z] ----------------------------------------------------------------------
[debug] [2021-03-24T15:23:34.204Z] Command:       C:\Program Files\nodejs\node.exe C:\Users\utlan\AppData\Roaming\npm\node_modules\firebase-tools\lib\bin\firebase.js init
[debug] [2021-03-24T15:23:34.204Z] CLI Version:   9.6.1
[debug] [2021-03-24T15:23:34.204Z] Platform:      win32
[debug] [2021-03-24T15:23:34.204Z] Node Version:  v14.15.5
[debug] [2021-03-24T15:23:34.205Z] Time:          Wed Mar 24 2021 16:23:34 GMT+0100 (Central European Standard Time)
[debug] [2021-03-24T15:23:34.205Z] ----------------------------------------------------------------------
[debug] [2021-03-24T15:23:34.205Z] 
[debug] [2021-03-24T15:23:34.211Z] > command requires scopes: ["email","openid","https://www.googleapis.com/auth/cloudplatformprojects.readonly","https://www.googleapis.com/auth/firebase","https://www.googleapis.com/auth/cloud-platform"]
[debug] [2021-03-24T15:23:34.211Z] > authorizing via signed-in user
[info] 
     ######## #### ########  ######## ########     ###     ######  ########
     ##        ##  ##     ## ##       ##     ##  ##   ##  ##       ##
     ######    ##  ########  ######   ########  #########  ######  ######
     ##        ##  ##    ##  ##       ##     ## ##     ##       ## ##
     ##       #### ##     ## ######## ########  ##     ##  ######  ########

You're about to initialize a Firebase project in this directory:

  C:\Users\utlan\Desktop\React Projects\Meeting Log\app

[info] 
=== Project Setup
[info] 
[info] First, let's associate this project directory with a Firebase project.
[info] You can create multiple project aliases by running firebase use --add, 
[info] but for now we'll just set up a default project.
[info] 
[debug] [2021-03-24T15:23:45.450Z] > refreshing access token with scopes: []
[debug] [2021-03-24T15:23:45.451Z] >>> HTTP REQUEST POST https://www.googleapis.com/oauth2/v3/token  
 <request body omitted>
[debug] [2021-03-24T15:23:45.586Z] <<< HTTP RESPONSE 200 {"expires":"Mon, 01 Jan 1990 00:00:00 GMT","cache-control":"no-cache, no-store, max-age=0, must-revalidate","pragma":"no-cache","date":"Wed, 24 Mar 2021 15:23:45 GMT","content-type":"application/json; charset=utf-8","vary":"X-Origin, Referer, Origin,Accept-Encoding","server":"scaffolding on HTTPServer2","x-xss-protection":"0","x-frame-options":"SAMEORIGIN","x-content-type-options":"nosniff","alt-svc":"h3-29=\":443\"; ma=2592000,h3-T051=\":443\"; ma=2592000,h3-Q050=\":443\"; ma=2592000,h3-Q046=\":443\"; ma=2592000,h3-Q043=\":443\"; ma=2592000,quic=\":443\"; ma=2592000; v=\"46,43\"","accept-ranges":"none","transfer-encoding":"chunked"}
[debug] [2021-03-24T15:23:45.595Z] >>> [apiv2][query] GET https://firebase.googleapis.com/v1beta1/projects pageSize=100
[debug] [2021-03-24T15:23:45.971Z] <<< [apiv2][status] GET https://firebase.googleapis.com/v1beta1/projects 200
[debug] [2021-03-24T15:23:45.971Z] <<< [apiv2][body] GET https://firebase.googleapis.com/v1beta1/projects [omitted]
[info] i  Using project meeting-logger07 (Meeting-Logger07) 
[info] 
=== Hosting Setup
[info] 
[info] Your public directory is the folder (relative to your project directory) that
[info] will contain Hosting assets to be uploaded with firebase deploy. If you
[info] have a build process for your assets, use your build's output directory.
[info] 
[debug] [2021-03-24T15:24:03.473Z] >>> [apiv2][query] GET https://www.gstatic.com/firebasejs/releases.json [none]
[debug] [2021-03-24T15:24:03.536Z] <<< [apiv2][status] GET https://www.gstatic.com/firebasejs/releases.json 200
[debug] [2021-03-24T15:24:03.536Z] <<< [apiv2][body] GET https://www.gstatic.com/firebasejs/releases.json {"current":{"version":"8.3.1","browserURL":"https://www.gstatic.com/firebasejs/8.3.1/firebase.js","packageURL":"https://www.gstatic.com/firebasejs/8.3.1/firebase.tgz"},"live":{"version":"8.3","browserURL":"https://www.gstatic.com/firebasejs/live/8.3/firebase.js","packageURL":"https://www.gstatic.com/firebasejs/live/8.3/firebase.tgz"},"components":{"analytics":"https://www.gstatic.com/firebasejs/8.3.1/firebase-analytics.js","app":"https://www.gstatic.com/firebasejs/8.3.1/firebase-app.js","auth":"https://www.gstatic.com/firebasejs/8.3.1/firebase-auth.js","database":"https://www.gstatic.com/firebasejs/8.3.1/firebase-database.js","firestore":"https://www.gstatic.com/firebasejs/8.3.1/firebase-firestore.js","functions":"https://www.gstatic.com/firebasejs/8.3.1/firebase-functions.js","installations":"https://www.gstatic.com/firebasejs/8.3.1/firebase-installations.js","messaging":"https://www.gstatic.com/firebasejs/8.3.1/firebase-messaging.js","storage":"https://www.gstatic.com/firebasejs/8.3.1/firebase-storage.js","performance":"https://www.gstatic.com/firebasejs/8.3.1/firebase-performance.js","remote-config":"https://www.gstatic.com/firebasejs/8.3.1/firebase-remote-config.js","firestore.memory":"https://www.gstatic.com/firebasejs/8.3.1/firebase-firestore.memory.js"}}
[info] +  Wrote y/index.html 
[info] 
[info] i  Detected a .git folder at C:\Users\utlan\Desktop\React Projects\Meeting Log\app 
[info] i  Authorizing with GitHub to upload your service account to a GitHub repository's secrets store. 
[info] 
[info] Visit this URL on this device to log in:
[info] https://github.com/login/oauth/authorize?client_id=89cf50f02ac6aaed3484&state=495350939&redirect_uri=http%3A%2F%2Flocalhost%3A9005&scope=read%3Auser%20repo%20public_repo
[info] 
[info] Waiting for authentication...
[debug] [2021-03-24T15:24:04.186Z] >>> HTTP REQUEST POST https://github.com/login/oauth/access_token  
 {"client_id":"89cf50f02ac6aaed3484","client_secret":"3330d14abc895d9a74d5f17cd7a00711fa2c5bf0","code":"a01001940626213bdc22","redirect_uri":"http://localhost:9005","state":"495350939"}
[debug] [2021-03-24T15:24:04.492Z] <<< HTTP RESPONSE 200 {"server":"GitHub.com","date":"Wed, 24 Mar 2021 15:24:04 GMT","content-type":"application/json; charset=utf-8","transfer-encoding":"chunked","vary":"X-PJAX, Accept-Encoding, Accept, X-Requested-With","etag":"W/\"bd0502c0648d580058ce9d5ef8e33a9a\"","cache-control":"max-age=0, private, must-revalidate","strict-transport-security":"max-age=31536000; includeSubdomains; preload","x-frame-options":"deny","x-content-type-options":"nosniff","x-xss-protection":"0","referrer-policy":"origin-when-cross-origin, strict-origin-when-cross-origin","expect-ct":"max-age=2592000, report-uri=\"https://api.github.com/_private/browser/errors\"","content-security-policy":"default-src 'none'; base-uri 'self'; block-all-mixed-content; connect-src 'self' uploads.github.com www.githubstatus.com collector.githubapp.com api.github.com github-cloud.s3.amazonaws.com github-production-repository-file-5c1aeb.s3.amazonaws.com github-production-upload-manifest-file-7fdce7.s3.amazonaws.com github-production-user-asset-6210df.s3.amazonaws.com cdn.optimizely.com logx.optimizely.com/v1/events wss://alive.github.com; font-src github.githubassets.com; form-action 'self' github.com gist.github.com; frame-ancestors 'none'; frame-src render.githubusercontent.com; img-src 'self' data: github.githubassets.com identicons.github.com collector.githubapp.com github-cloud.s3.amazonaws.com secured-user-images.githubusercontent.com/ *.githubusercontent.com; manifest-src 'self'; media-src 'none'; script-src github.githubassets.com; style-src 'unsafe-inline' github.githubassets.com; worker-src github.com/socket-worker-6832eced.js gist.github.com/socket-worker-6832eced.js","x-github-request-id":"E042:6218:D9F6B4:E21310:605B5994"}
[debug] [2021-03-24T15:24:04.495Z] >>> [apiv2][query] GET https://api.github.com/user [none]
[debug] [2021-03-24T15:24:04.822Z] <<< [apiv2][status] GET https://api.github.com/user 200
[debug] [2021-03-24T15:24:04.822Z] <<< [apiv2][body] GET https://api.github.com/user {"login":"AhmadBilal07","id":19593774,"node_id":"MDQ6VXNlcjE5NTkzNzc0","avatar_url":"https://avatars.githubusercontent.com/u/19593774?v=4","gravatar_id":"","url":"https://api.github.com/users/AhmadBilal07","html_url":"https://github.com/AhmadBilal07","followers_url":"https://api.github.com/users/AhmadBilal07/followers","following_url":"https://api.github.com/users/AhmadBilal07/following{/other_user}","gists_url":"https://api.github.com/users/AhmadBilal07/gists{/gist_id}","starred_url":"https://api.github.com/users/AhmadBilal07/starred{/owner}{/repo}","subscriptions_url":"https://api.github.com/users/AhmadBilal07/subscriptions","organizations_url":"https://api.github.com/users/AhmadBilal07/orgs","repos_url":"https://api.github.com/users/AhmadBilal07/repos","events_url":"https://api.github.com/users/AhmadBilal07/events{/privacy}","received_events_url":"https://api.github.com/users/AhmadBilal07/received_events","type":"User","site_admin":false,"name":"Ahmad Bilal Aslam","company":null,"blog":"","location":"Halden, Norway","email":"ahmadbilal07@live.com","hireable":null,"bio":null,"twitter_username":"ahmadbilal07","public_repos":16,"public_gists":0,"followers":2,"following":0,"created_at":"2016-05-26T15:24:56Z","updated_at":"2021-03-24T15:07:42Z","private_gists":0,"total_private_repos":10,"owned_private_repos":10,"disk_usage":698372,"collaborators":3,"two_factor_authentication":false,"plan":{"name":"free","space":976562499,"collaborators":0,"private_repos":10000}}
[info] 
[info] +  Success! Logged into GitHub as AhmadBilal07 
[info] 
